[debug] [2023-08-30T04:51:11.725Z] ----------------------------------------------------------------------
[debug] [2023-08-30T04:51:11.726Z] Command:       C:\Program Files\nodejs\node.exe C:\Users\afshin\AppData\Roaming\npm\node_modules\firebase-tools\lib\bin\firebase.js init
[debug] [2023-08-30T04:51:11.726Z] CLI Version:   12.5.2
[debug] [2023-08-30T04:51:11.726Z] Platform:      win32
[debug] [2023-08-30T04:51:11.726Z] Node Version:  v18.17.1
[debug] [2023-08-30T04:51:11.727Z] Time:          Wed Aug 30 2023 00:51:11 GMT-0400 (Eastern Daylight Time)
[debug] [2023-08-30T04:51:11.727Z] ----------------------------------------------------------------------
[debug] 
[debug] [2023-08-30T04:51:11.731Z] > command requires scopes: ["email","openid","https://www.googleapis.com/auth/cloudplatformprojects.readonly","https://www.googleapis.com/auth/firebase","https://www.googleapis.com/auth/cloud-platform"]
[debug] [2023-08-30T04:51:11.731Z] > authorizing via signed-in user (ashzarz.56@gmail.com)
[info] 
     ######## #### ########  ######## ########     ###     ######  ########
     ##        ##  ##     ## ##       ##     ##  ##   ##  ##       ##
     ######    ##  ########  ######   ########  #########  ######  ######
     ##        ##  ##    ##  ##       ##     ## ##     ##       ## ##
     ##       #### ##     ## ######## ########  ##     ##  ######  ########

You're about to initialize a Firebase project in this directory:

  C:\Users\afshin\IdeaProjects\SecuritiesCorrelations

[info] 
=== Project Setup
[info] 
[info] First, let's associate this project directory with a Firebase project.
[info] You can create multiple project aliases by running firebase use --add, 
[info] but for now we'll just set up a default project.
[info] 
[info] i  If you want to create a project in a Google Cloud organization or folder, please use "firebase projects:create" instead, and return to this command when you've created the project. 
[debug] [2023-08-30T04:53:13.168Z] >>> [apiv2][query] POST https://cloudresourcemanager.googleapis.com/v1/projects [none]
[debug] [2023-08-30T04:53:13.168Z] >>> [apiv2][body] POST https://cloudresourcemanager.googleapis.com/v1/projects {"projectId":"correlations","name":"correlations"}
[debug] [2023-08-30T04:53:13.487Z] <<< [apiv2][status] POST https://cloudresourcemanager.googleapis.com/v1/projects 409
[debug] [2023-08-30T04:53:13.487Z] <<< [apiv2][body] POST https://cloudresourcemanager.googleapis.com/v1/projects {"error":{"code":409,"message":"Requested entity already exists","status":"ALREADY_EXISTS"}}
[debug] [2023-08-30T04:53:13.488Z] FirebaseError: HTTP Error: 409, Requested entity already exists
    at responseToError (C:\Users\afshin\AppData\Roaming\npm\node_modules\firebase-tools\lib\responseToError.js:49:12)
    at RetryOperation._fn (C:\Users\afshin\AppData\Roaming\npm\node_modules\firebase-tools\lib\apiv2.js:285:77)
    at process.processTicksAndRejections (node:internal/process/task_queues:95:5)
[error] 
[error] Error: Failed to create project because there is already a project with ID correlations. Please try again with a unique project ID.
[debug] [2023-08-30T04:53:23.699Z] ----------------------------------------------------------------------
[debug] [2023-08-30T04:53:23.700Z] Command:       C:\Program Files\nodejs\node.exe C:\Users\afshin\AppData\Roaming\npm\node_modules\firebase-tools\lib\bin\firebase.js init
[debug] [2023-08-30T04:53:23.700Z] CLI Version:   12.5.2
[debug] [2023-08-30T04:53:23.701Z] Platform:      win32
[debug] [2023-08-30T04:53:23.701Z] Node Version:  v18.17.1
[debug] [2023-08-30T04:53:23.701Z] Time:          Wed Aug 30 2023 00:53:23 GMT-0400 (Eastern Daylight Time)
[debug] [2023-08-30T04:53:23.701Z] ----------------------------------------------------------------------
[debug] 
[debug] [2023-08-30T04:53:23.705Z] > command requires scopes: ["email","openid","https://www.googleapis.com/auth/cloudplatformprojects.readonly","https://www.googleapis.com/auth/firebase","https://www.googleapis.com/auth/cloud-platform"]
[debug] [2023-08-30T04:53:23.705Z] > authorizing via signed-in user (ashzarz.56@gmail.com)
[info] 
     ######## #### ########  ######## ########     ###     ######  ########
     ##        ##  ##     ## ##       ##     ##  ##   ##  ##       ##
     ######    ##  ########  ######   ########  #########  ######  ######
     ##        ##  ##    ##  ##       ##     ## ##     ##       ## ##
     ##       #### ##     ## ######## ########  ##     ##  ######  ########

You're about to initialize a Firebase project in this directory:

  C:\Users\afshin\IdeaProjects\SecuritiesCorrelations

[info] 
=== Project Setup
[info] 
[info] First, let's associate this project directory with a Firebase project.
[info] You can create multiple project aliases by running firebase use --add, 
[info] but for now we'll just set up a default project.
[info] 
[info] i  If you want to create a project in a Google Cloud organization or folder, please use "firebase projects:create" instead, and return to this command when you've created the project. 
[debug] [2023-08-30T04:53:52.540Z] >>> [apiv2][query] POST https://cloudresourcemanager.googleapis.com/v1/projects [none]
[debug] [2023-08-30T04:53:52.540Z] >>> [apiv2][body] POST https://cloudresourcemanager.googleapis.com/v1/projects {"projectId":"security_correlations7","name":"security_correlations"}
[debug] [2023-08-30T04:53:52.784Z] <<< [apiv2][status] POST https://cloudresourcemanager.googleapis.com/v1/projects 400
[debug] [2023-08-30T04:53:52.785Z] <<< [apiv2][body] POST https://cloudresourcemanager.googleapis.com/v1/projects {"error":{"code":400,"message":"Request contains an invalid argument.","status":"INVALID_ARGUMENT","details":[{"@type":"type.googleapis.com/google.rpc.BadRequest","fieldViolations":[{"field":"project_id","description":"project_id contains invalid characters"},{"field":"display_name","description":"project display name contains invalid characters"}]},{"@type":"type.googleapis.com/google.rpc.Help","links":[{"url":"https://cloud.google.com/resource-manager/reference/rest/v1/projects"}]}]}}
[debug] [2023-08-30T04:53:52.786Z] FirebaseError: HTTP Error: 400, Request contains an invalid argument.
    at responseToError (C:\Users\afshin\AppData\Roaming\npm\node_modules\firebase-tools\lib\responseToError.js:49:12)
    at RetryOperation._fn (C:\Users\afshin\AppData\Roaming\npm\node_modules\firebase-tools\lib\apiv2.js:285:77)
    at process.processTicksAndRejections (node:internal/process/task_queues:95:5)
[error] 
[error] Error: Failed to create project. See firebase-debug.log for more info.
[debug] [2023-08-30T04:54:13.957Z] ----------------------------------------------------------------------
[debug] [2023-08-30T04:54:13.958Z] Command:       C:\Program Files\nodejs\node.exe C:\Users\afshin\AppData\Roaming\npm\node_modules\firebase-tools\lib\bin\firebase.js init
[debug] [2023-08-30T04:54:13.959Z] CLI Version:   12.5.2
[debug] [2023-08-30T04:54:13.959Z] Platform:      win32
[debug] [2023-08-30T04:54:13.959Z] Node Version:  v18.17.1
[debug] [2023-08-30T04:54:13.960Z] Time:          Wed Aug 30 2023 00:54:13 GMT-0400 (Eastern Daylight Time)
[debug] [2023-08-30T04:54:13.960Z] ----------------------------------------------------------------------
[debug] 
[debug] [2023-08-30T04:54:13.965Z] > command requires scopes: ["email","openid","https://www.googleapis.com/auth/cloudplatformprojects.readonly","https://www.googleapis.com/auth/firebase","https://www.googleapis.com/auth/cloud-platform"]
[debug] [2023-08-30T04:54:13.965Z] > authorizing via signed-in user (ashzarz.56@gmail.com)
[info] 
     ######## #### ########  ######## ########     ###     ######  ########
     ##        ##  ##     ## ##       ##     ##  ##   ##  ##       ##
     ######    ##  ########  ######   ########  #########  ######  ######
     ##        ##  ##    ##  ##       ##     ## ##     ##       ## ##
     ##       #### ##     ## ######## ########  ##     ##  ######  ########

You're about to initialize a Firebase project in this directory:

  C:\Users\afshin\IdeaProjects\SecuritiesCorrelations

[info] 
=== Project Setup
[info] 
[info] First, let's associate this project directory with a Firebase project.
[info] You can create multiple project aliases by running firebase use --add, 
[info] but for now we'll just set up a default project.
[info] 
[info] i  If you want to create a project in a Google Cloud organization or folder, please use "firebase projects:create" instead, and return to this command when you've created the project. 
[debug] [2023-08-30T04:54:53.107Z] >>> [apiv2][query] POST https://cloudresourcemanager.googleapis.com/v1/projects [none]
[debug] [2023-08-30T04:54:53.108Z] >>> [apiv2][body] POST https://cloudresourcemanager.googleapis.com/v1/projects {"projectId":"projectgidfid","name":"correlations"}
[debug] [2023-08-30T04:54:53.510Z] <<< [apiv2][status] POST https://cloudresourcemanager.googleapis.com/v1/projects 200
[debug] [2023-08-30T04:54:53.510Z] <<< [apiv2][body] POST https://cloudresourcemanager.googleapis.com/v1/projects {"name":"operations/cp.8325899156167182759"}
[debug] [2023-08-30T04:54:53.510Z] >>> [apiv2][query] GET https://cloudresourcemanager.googleapis.com/v1/operations/cp.8325899156167182759 [none]
[debug] [2023-08-30T04:54:53.922Z] <<< [apiv2][status] GET https://cloudresourcemanager.googleapis.com/v1/operations/cp.8325899156167182759 200
[debug] [2023-08-30T04:54:53.922Z] <<< [apiv2][body] GET https://cloudresourcemanager.googleapis.com/v1/operations/cp.8325899156167182759 {"name":"operations/cp.8325899156167182759"}
[debug] [2023-08-30T04:54:54.426Z] [Project Creation Poller] Retrying task index 0
[debug] [2023-08-30T04:54:54.426Z] >>> [apiv2][query] GET https://cloudresourcemanager.googleapis.com/v1/operations/cp.8325899156167182759 [none]
[debug] [2023-08-30T04:54:54.867Z] <<< [apiv2][status] GET https://cloudresourcemanager.googleapis.com/v1/operations/cp.8325899156167182759 200
[debug] [2023-08-30T04:54:54.867Z] <<< [apiv2][body] GET https://cloudresourcemanager.googleapis.com/v1/operations/cp.8325899156167182759 {"name":"operations/cp.8325899156167182759"}
[debug] [2023-08-30T04:54:55.871Z] [Project Creation Poller] Retrying task index 0
[debug] [2023-08-30T04:54:55.871Z] >>> [apiv2][query] GET https://cloudresourcemanager.googleapis.com/v1/operations/cp.8325899156167182759 [none]
[debug] [2023-08-30T04:54:56.271Z] <<< [apiv2][status] GET https://cloudresourcemanager.googleapis.com/v1/operations/cp.8325899156167182759 200
[debug] [2023-08-30T04:54:56.272Z] <<< [apiv2][body] GET https://cloudresourcemanager.googleapis.com/v1/operations/cp.8325899156167182759 {"name":"operations/cp.8325899156167182759","metadata":{"@type":"type.googleapis.com/google.cloudresourcemanager.v1.ProjectCreationStatus","gettable":true}}
[debug] [2023-08-30T04:54:58.281Z] [Project Creation Poller] Retrying task index 0
[debug] [2023-08-30T04:54:58.282Z] >>> [apiv2][query] GET https://cloudresourcemanager.googleapis.com/v1/operations/cp.8325899156167182759 [none]
[debug] [2023-08-30T04:54:58.738Z] <<< [apiv2][status] GET https://cloudresourcemanager.googleapis.com/v1/operations/cp.8325899156167182759 200
[debug] [2023-08-30T04:54:58.738Z] <<< [apiv2][body] GET https://cloudresourcemanager.googleapis.com/v1/operations/cp.8325899156167182759 {"name":"operations/cp.8325899156167182759","metadata":{"@type":"type.googleapis.com/google.cloudresourcemanager.v1.ProjectCreationStatus","gettable":true,"ready":true},"done":true,"response":{"@type":"type.googleapis.com/google.cloudresourcemanager.v1.Project","projectNumber":"820228254315","projectId":"projectgidfid","lifecycleState":"ACTIVE","name":"correlations","createTime":"2023-08-30T04:54:55.340Z"}}
[debug] [2023-08-30T04:54:58.739Z] >>> [apiv2][query] POST https://firebase.googleapis.com/v1beta1/projects/projectgidfid:addFirebase [none]
[debug] [2023-08-30T04:55:01.516Z] <<< [apiv2][status] POST https://firebase.googleapis.com/v1beta1/projects/projectgidfid:addFirebase 200
[debug] [2023-08-30T04:55:01.516Z] <<< [apiv2][body] POST https://firebase.googleapis.com/v1beta1/projects/projectgidfid:addFirebase {"name":"operations/workflows/MmVjZmEwYTYtZWUwOC00ZGM2LTgyY2ItMGQwYmE1YmU5N2Y1"}
[debug] [2023-08-30T04:55:01.516Z] >>> [apiv2][query] GET https://firebase.googleapis.com/v1beta1/operations/workflows/MmVjZmEwYTYtZWUwOC00ZGM2LTgyY2ItMGQwYmE1YmU5N2Y1 [none]
[debug] [2023-08-30T04:55:01.957Z] <<< [apiv2][status] GET https://firebase.googleapis.com/v1beta1/operations/workflows/MmVjZmEwYTYtZWUwOC00ZGM2LTgyY2ItMGQwYmE1YmU5N2Y1 200
[debug] [2023-08-30T04:55:01.957Z] <<< [apiv2][body] GET https://firebase.googleapis.com/v1beta1/operations/workflows/MmVjZmEwYTYtZWUwOC00ZGM2LTgyY2ItMGQwYmE1YmU5N2Y1 {"name":"operations/workflows/MmVjZmEwYTYtZWUwOC00ZGM2LTgyY2ItMGQwYmE1YmU5N2Y1"}
[debug] [2023-08-30T04:55:02.465Z] [Add Firebase Poller] Retrying task index 0
[debug] [2023-08-30T04:55:02.466Z] >>> [apiv2][query] GET https://firebase.googleapis.com/v1beta1/operations/workflows/MmVjZmEwYTYtZWUwOC00ZGM2LTgyY2ItMGQwYmE1YmU5N2Y1 [none]
[debug] [2023-08-30T04:55:02.856Z] <<< [apiv2][status] GET https://firebase.googleapis.com/v1beta1/operations/workflows/MmVjZmEwYTYtZWUwOC00ZGM2LTgyY2ItMGQwYmE1YmU5N2Y1 200
[debug] [2023-08-30T04:55:02.856Z] <<< [apiv2][body] GET https://firebase.googleapis.com/v1beta1/operations/workflows/MmVjZmEwYTYtZWUwOC00ZGM2LTgyY2ItMGQwYmE1YmU5N2Y1 {"name":"operations/workflows/MmVjZmEwYTYtZWUwOC00ZGM2LTgyY2ItMGQwYmE1YmU5N2Y1"}
[debug] [2023-08-30T04:55:03.861Z] [Add Firebase Poller] Retrying task index 0
[debug] [2023-08-30T04:55:03.861Z] >>> [apiv2][query] GET https://firebase.googleapis.com/v1beta1/operations/workflows/MmVjZmEwYTYtZWUwOC00ZGM2LTgyY2ItMGQwYmE1YmU5N2Y1 [none]
[debug] [2023-08-30T04:55:04.266Z] <<< [apiv2][status] GET https://firebase.googleapis.com/v1beta1/operations/workflows/MmVjZmEwYTYtZWUwOC00ZGM2LTgyY2ItMGQwYmE1YmU5N2Y1 200
[debug] [2023-08-30T04:55:04.266Z] <<< [apiv2][body] GET https://firebase.googleapis.com/v1beta1/operations/workflows/MmVjZmEwYTYtZWUwOC00ZGM2LTgyY2ItMGQwYmE1YmU5N2Y1 {"name":"operations/workflows/MmVjZmEwYTYtZWUwOC00ZGM2LTgyY2ItMGQwYmE1YmU5N2Y1"}
[debug] [2023-08-30T04:55:06.280Z] [Add Firebase Poller] Retrying task index 0
[debug] [2023-08-30T04:55:06.281Z] >>> [apiv2][query] GET https://firebase.googleapis.com/v1beta1/operations/workflows/MmVjZmEwYTYtZWUwOC00ZGM2LTgyY2ItMGQwYmE1YmU5N2Y1 [none]
[debug] [2023-08-30T04:55:06.708Z] <<< [apiv2][status] GET https://firebase.googleapis.com/v1beta1/operations/workflows/MmVjZmEwYTYtZWUwOC00ZGM2LTgyY2ItMGQwYmE1YmU5N2Y1 200
[debug] [2023-08-30T04:55:06.708Z] <<< [apiv2][body] GET https://firebase.googleapis.com/v1beta1/operations/workflows/MmVjZmEwYTYtZWUwOC00ZGM2LTgyY2ItMGQwYmE1YmU5N2Y1 {"name":"operations/workflows/MmVjZmEwYTYtZWUwOC00ZGM2LTgyY2ItMGQwYmE1YmU5N2Y1"}
[debug] [2023-08-30T04:55:10.716Z] [Add Firebase Poller] Retrying task index 0
[debug] [2023-08-30T04:55:10.716Z] >>> [apiv2][query] GET https://firebase.googleapis.com/v1beta1/operations/workflows/MmVjZmEwYTYtZWUwOC00ZGM2LTgyY2ItMGQwYmE1YmU5N2Y1 [none]
[debug] [2023-08-30T04:55:11.167Z] <<< [apiv2][status] GET https://firebase.googleapis.com/v1beta1/operations/workflows/MmVjZmEwYTYtZWUwOC00ZGM2LTgyY2ItMGQwYmE1YmU5N2Y1 200
[debug] [2023-08-30T04:55:11.167Z] <<< [apiv2][body] GET https://firebase.googleapis.com/v1beta1/operations/workflows/MmVjZmEwYTYtZWUwOC00ZGM2LTgyY2ItMGQwYmE1YmU5N2Y1 {"name":"operations/workflows/MmVjZmEwYTYtZWUwOC00ZGM2LTgyY2ItMGQwYmE1YmU5N2Y1"}
[debug] [2023-08-30T04:55:19.181Z] [Add Firebase Poller] Retrying task index 0
[debug] [2023-08-30T04:55:19.181Z] >>> [apiv2][query] GET https://firebase.googleapis.com/v1beta1/operations/workflows/MmVjZmEwYTYtZWUwOC00ZGM2LTgyY2ItMGQwYmE1YmU5N2Y1 [none]
[debug] [2023-08-30T04:55:19.592Z] <<< [apiv2][status] GET https://firebase.googleapis.com/v1beta1/operations/workflows/MmVjZmEwYTYtZWUwOC00ZGM2LTgyY2ItMGQwYmE1YmU5N2Y1 200
[debug] [2023-08-30T04:55:19.592Z] <<< [apiv2][body] GET https://firebase.googleapis.com/v1beta1/operations/workflows/MmVjZmEwYTYtZWUwOC00ZGM2LTgyY2ItMGQwYmE1YmU5N2Y1 {"name":"operations/workflows/MmVjZmEwYTYtZWUwOC00ZGM2LTgyY2ItMGQwYmE1YmU5N2Y1","done":true,"response":{"@type":"type.googleapis.com/google.firebase.service.v1beta1.FirebaseProject","projectId":"projectgidfid","projectNumber":"820228254315","displayName":"correlations","name":"projects/projectgidfid","resources":{"hostingSite":"projectgidfid"}}}
[info] 
[info] === Your Firebase project is ready! ===
[info] 
[info] Project information:
[info]    - Project ID: projectgidfid
[info]    - Project Name: correlations
[info] 
[info] Firebase console is available at
[info] https://console.firebase.google.com/project/projectgidfid/overview
[info] i  Using project projectgidfid (correlations) 
[info] 
=== Hosting Setup
[info] 
[info] Your public directory is the folder (relative to your project directory) that
[info] will contain Hosting assets to be uploaded with firebase deploy. If you
[info] have a build process for your assets, use your build's output directory.
[info] 
[debug] [2023-08-30T04:56:40.544Z] >>> [apiv2][query] GET https://www.gstatic.com/firebasejs/releases.json [none]
[debug] [2023-08-30T04:56:40.612Z] <<< [apiv2][status] GET https://www.gstatic.com/firebasejs/releases.json 200
[debug] [2023-08-30T04:56:40.612Z] <<< [apiv2][body] GET https://www.gstatic.com/firebasejs/releases.json {"current":{"version":"10.3.0","browserURL":"https://www.gstatic.com/firebasejs/10.3.0/firebase.js","packageURL":"https://www.gstatic.com/firebasejs/10.3.0/firebase.tgz"},"live":{"version":"10.3","browserURL":"https://www.gstatic.com/firebasejs/live/10.3/firebase.js","packageURL":"https://www.gstatic.com/firebasejs/live/10.3/firebase.tgz"},"components":{"analytics":"https://www.gstatic.com/firebasejs/10.3.0/firebase-analytics.js","app":"https://www.gstatic.com/firebasejs/10.3.0/firebase-app.js","app-check":"https://www.gstatic.com/firebasejs/10.3.0/firebase-app-check.js","auth":"https://www.gstatic.com/firebasejs/10.3.0/firebase-auth.js","auth/cordova":"https://www.gstatic.com/firebasejs/10.3.0/firebase-auth/cordova.js","functions":"https://www.gstatic.com/firebasejs/10.3.0/firebase-functions.js","firestore":"https://www.gstatic.com/firebasejs/10.3.0/firebase-firestore.js","firestore/lite":"https://www.gstatic.com/firebasejs/10.3.0/firebase-firestore/lite.js","installations":"https://www.gstatic.com/firebasejs/10.3.0/firebase-installations.js","storage":"https://www.gstatic.com/firebasejs/10.3.0/firebase-storage.js","performance":"https://www.gstatic.com/firebasejs/10.3.0/firebase-performance.js","remote-config":"https://www.gstatic.com/firebasejs/10.3.0/firebase-remote-config.js","messaging":"https://www.gstatic.com/firebasejs/10.3.0/firebase-messaging.js","messaging/sw":"https://www.gstatic.com/firebasejs/10.3.0/firebase-messaging/sw.js","database":"https://www.gstatic.com/firebasejs/10.3.0/firebase-database.js","firestore.memory":"https://www.gstatic.com/firebasejs/10.3.0/firebase-firestore.memory.js"}}
[info] +  Wrote securcorr/index.html 
[info] 
[info] i  Detected a .git folder at C:\Users\afshin\IdeaProjects\SecuritiesCorrelations 
[info] i  Authorizing with GitHub to upload your service account to a GitHub repository's secrets store. 
[info] 
[info] Visit this URL on this device to log in:
[info] https://github.com/login/oauth/authorize?client_id=89cf50f02ac6aaed3484&state=952730581&redirect_uri=http%3A%2F%2Flocalhost%3A9005&scope=read%3Auser%20repo%20public_repo
[info] 
[info] Waiting for authentication...
