2023-09-02 19:03:17,841 - WARNING - Skipping correlation calculation for SNAP due to missing data.
2023-09-02 19:20:06,230 - WARNING - Skipping correlation calculation for SNAP due to missing data.
2023-09-02 19:38:55,130 - WARNING - Skipping correlation calculation for SNAP due to missing data.
2023-09-02 20:08:38,582 - WARNING - Skipping correlation calculation for FDUSZ due to missing data.
2023-09-02 20:08:38,586 - WARNING - Skipping correlation calculation for PNNTG due to missing data.
2023-09-02 20:08:40,453 - WARNING - Skipping correlation calculation for BKH due to missing data.
2023-09-02 20:08:40,533 - WARNING - Skipping correlation calculation for GFAI due to missing data.
2023-09-02 20:08:40,644 - WARNING - Skipping correlation calculation for LICY due to missing data.
2023-09-02 20:08:40,657 - WARNING - Skipping correlation calculation for GBL due to missing data.
2023-09-02 20:08:42,147 - WARNING - Skipping correlation calculation for SBR due to missing data.
2023-09-02 20:08:42,609 - WARNING - Skipping correlation calculation for GEVO due to missing data.
2023-09-02 20:08:42,623 - WARNING - Skipping correlation calculation for RAACW due to missing data.
2023-09-02 20:08:43,031 - WARNING - Skipping correlation calculation for RCEL due to missing data.
2023-09-02 20:08:43,743 - WARNING - Skipping correlation calculation for VERV due to missing data.
2023-09-02 20:08:44,746 - WARNING - Skipping correlation calculation for OWVI due to missing data.
2023-09-02 20:08:45,823 - WARNING - Skipping correlation calculation for VAC due to missing data.
2023-09-02 20:08:47,379 - WARNING - Skipping correlation calculation for FONR due to missing data.
2023-09-02 20:08:47,383 - WARNING - Skipping correlation calculation for CLVS due to missing data.
2023-09-02 20:08:47,387 - WARNING - Skipping correlation calculation for APSG-UN due to missing data.
2023-09-02 20:08:49,925 - WARNING - Skipping correlation calculation for SPKBW due to missing data.
2023-09-02 20:08:50,377 - WARNING - Skipping correlation calculation for MX due to missing data.
2023-09-02 20:08:50,496 - WARNING - Skipping correlation calculation for FHN-PB due to missing data.
2023-09-02 20:08:50,595 - WARNING - Skipping correlation calculation for PRVA due to missing data.
2023-09-02 20:08:51,799 - WARNING - Skipping correlation calculation for NTPIF due to missing data.
2023-09-02 20:08:52,537 - WARNING - Skipping correlation calculation for PLDGP due to missing data.
2023-09-02 20:08:52,791 - WARNING - Skipping correlation calculation for WTTR due to missing data.
2023-09-02 20:08:52,794 - WARNING - Skipping correlation calculation for ECOM due to missing data.
2023-09-02 20:08:52,806 - WARNING - Skipping correlation calculation for METCB due to missing data.
2023-09-02 20:08:53,742 - WARNING - Skipping correlation calculation for HOL due to missing data.
2023-09-02 20:08:53,746 - WARNING - Skipping correlation calculation for GXIIU due to missing data.
2023-09-02 20:08:55,736 - WARNING - Skipping correlation calculation for UNTY due to missing data.
2023-09-02 20:08:55,755 - WARNING - Skipping correlation calculation for MDP due to missing data.
2023-09-02 20:08:56,209 - WARNING - Skipping correlation calculation for AHCHF due to missing data.
2023-09-02 20:08:57,694 - WARNING - Skipping correlation calculation for OPY due to missing data.
2023-09-02 20:09:00,546 - WARNING - Skipping correlation calculation for ABMD due to missing data.
2023-09-02 20:09:02,261 - WARNING - Skipping correlation calculation for ARWR due to missing data.
2023-09-02 20:09:02,625 - WARNING - Skipping correlation calculation for DNOW due to missing data.
2023-09-02 20:09:04,346 - WARNING - Skipping correlation calculation for AMTX due to missing data.
2023-09-02 20:09:04,687 - WARNING - Skipping correlation calculation for ARHTF due to missing data.
2023-09-02 20:09:08,950 - WARNING - Skipping correlation calculation for LANDM due to missing data.
2023-09-02 20:09:09,031 - WARNING - Skipping correlation calculation for ONL due to missing data.
2023-09-02 20:09:09,147 - WARNING - Skipping correlation calculation for MAX due to missing data.
2023-09-02 20:09:09,260 - WARNING - Skipping correlation calculation for RKLB due to missing data.
2023-09-02 20:09:09,630 - WARNING - Skipping correlation calculation for ZIONL due to missing data.
2023-09-02 20:09:11,940 - WARNING - Skipping correlation calculation for PMO due to missing data.
2023-09-02 20:09:11,945 - WARNING - Skipping correlation calculation for TWNI due to missing data.
2023-09-02 20:09:12,984 - WARNING - Skipping correlation calculation for SCWO due to missing data.
2023-09-02 20:09:12,997 - WARNING - Skipping correlation calculation for TZPS due to missing data.
2023-09-02 20:09:14,106 - WARNING - Skipping correlation calculation for DCOMP due to missing data.
2023-09-02 20:09:14,120 - WARNING - Skipping correlation calculation for PIAI-WT due to missing data.
2023-09-02 20:09:14,596 - WARNING - Skipping correlation calculation for LOMLF due to missing data.
2023-09-02 20:09:15,416 - WARNING - Skipping correlation calculation for ZNOG due to missing data.
2023-09-02 20:09:15,681 - WARNING - Skipping correlation calculation for TPIC due to missing data.
2023-09-02 20:09:16,051 - WARNING - Skipping correlation calculation for OGCP due to missing data.
2023-09-02 20:09:16,278 - WARNING - Skipping correlation calculation for VNORP due to missing data.
2023-09-02 20:09:16,468 - WARNING - Skipping correlation calculation for FOCS due to missing data.
2023-09-02 20:09:17,827 - WARNING - Skipping correlation calculation for SOLY due to missing data.
2023-09-02 20:09:18,866 - WARNING - Skipping correlation calculation for DTIL due to missing data.
2023-09-02 20:09:20,281 - WARNING - Skipping correlation calculation for CMCL due to missing data.
2023-09-02 20:09:20,429 - WARNING - Skipping correlation calculation for CNBP due to missing data.
2023-09-02 20:09:21,276 - WARNING - Skipping correlation calculation for AGMGP due to missing data.
2023-09-02 20:09:21,507 - WARNING - Skipping correlation calculation for XFOR due to missing data.
2023-09-02 20:09:21,545 - WARNING - Skipping correlation calculation for SLNA due to missing data.
2023-09-02 20:09:21,714 - WARNING - Skipping correlation calculation for FREE due to missing data.
2023-09-02 20:09:21,930 - WARNING - Skipping correlation calculation for WXXWY due to missing data.
2023-09-02 20:09:22,057 - WARNING - Skipping correlation calculation for CMPS due to missing data.
2023-09-02 20:09:22,071 - WARNING - Skipping correlation calculation for DNZ-UN due to missing data.
2023-09-02 20:09:22,305 - WARNING - Skipping correlation calculation for IR due to missing data.
2023-09-02 20:09:23,531 - WARNING - Skipping correlation calculation for BLNKW due to missing data.
2023-09-02 20:09:23,534 - WARNING - Skipping correlation calculation for TPGS due to missing data.
2023-09-02 20:09:25,378 - WARNING - Skipping correlation calculation for VLGEA due to missing data.
2023-09-02 20:09:25,383 - WARNING - Skipping correlation calculation for SVFAU due to missing data.
2023-09-02 20:09:25,886 - WARNING - Skipping correlation calculation for SANG due to missing data.
2023-09-02 20:09:25,902 - WARNING - Skipping correlation calculation for VNTR due to missing data.
2023-09-02 20:09:26,000 - WARNING - Skipping correlation calculation for DFLI due to missing data.
2023-09-02 20:09:26,014 - WARNING - Skipping correlation calculation for SSPKU due to missing data.
2023-09-02 20:09:26,489 - WARNING - Skipping correlation calculation for TIPT due to missing data.
2023-09-02 20:09:27,950 - WARNING - Skipping correlation calculation for FFBC due to missing data.
2023-09-02 20:09:27,964 - WARNING - Skipping correlation calculation for CYPW due to missing data.
2023-09-02 20:09:31,683 - WARNING - Skipping correlation calculation for HTPA-UN due to missing data.
2023-09-02 20:09:31,686 - WARNING - Skipping correlation calculation for DHR-PA due to missing data.
2023-09-02 20:09:31,826 - WARNING - Skipping correlation calculation for CABA due to missing data.
2023-09-02 20:09:31,839 - WARNING - Skipping correlation calculation for PRPC-WT due to missing data.
2023-09-02 20:09:31,842 - WARNING - Skipping correlation calculation for STL-PA due to missing data.
2023-09-02 20:09:31,997 - WARNING - Skipping correlation calculation for AIO due to missing data.
2023-09-02 20:09:33,660 - WARNING - Skipping correlation calculation for HAS due to missing data.
2023-09-02 20:09:33,746 - WARNING - Skipping correlation calculation for FRSH due to missing data.
2023-09-02 20:09:33,839 - WARNING - Skipping correlation calculation for FA due to missing data.
2023-09-02 20:09:34,192 - WARNING - Skipping correlation calculation for TRUP due to missing data.
2023-09-02 20:09:35,672 - WARNING - Skipping correlation calculation for ISTR due to missing data.
2023-09-02 20:09:35,675 - WARNING - Skipping correlation calculation for GET due to missing data.
2023-09-02 20:09:37,547 - WARNING - Skipping correlation calculation for TCVA due to missing data.
2023-09-02 20:09:38,733 - WARNING - Skipping correlation calculation for PCVX due to missing data.
2023-09-02 20:09:38,826 - WARNING - Skipping correlation calculation for RGC due to missing data.
2023-09-02 20:09:41,211 - WARNING - Skipping correlation calculation for ELC due to missing data.
2023-09-02 20:09:41,225 - WARNING - Skipping correlation calculation for SHO-PF due to missing data.
2023-09-02 20:09:42,421 - WARNING - Skipping correlation calculation for THFF due to missing data.
2023-09-02 20:09:43,882 - WARNING - Skipping correlation calculation for BZFD due to missing data.
2023-09-02 20:09:44,509 - WARNING - Skipping correlation calculation for CTSO due to missing data.
2023-09-02 20:09:44,603 - WARNING - Skipping correlation calculation for RUM due to missing data.
2023-09-02 20:09:45,952 - WARNING - Skipping correlation calculation for LAKE due to missing data.
2023-09-02 20:09:45,957 - WARNING - Skipping correlation calculation for BMTC due to missing data.
2023-09-02 20:09:45,962 - WARNING - Skipping correlation calculation for BCOR due to missing data.
2023-09-02 20:09:46,327 - WARNING - Skipping correlation calculation for LPCN due to missing data.
2023-09-02 20:09:46,590 - WARNING - Skipping correlation calculation for ORGO due to missing data.
2023-09-02 20:09:47,259 - WARNING - Skipping correlation calculation for CBAT due to missing data.
2023-09-02 20:09:47,299 - WARNING - Skipping correlation calculation for MBINM due to missing data.
2023-09-02 20:09:47,304 - WARNING - Skipping correlation calculation for MRACW due to missing data.
2023-09-02 20:09:47,427 - WARNING - Skipping correlation calculation for AGM-PE due to missing data.
2023-09-02 20:09:48,403 - WARNING - Skipping correlation calculation for BJRI due to missing data.
2023-09-02 20:09:48,417 - WARNING - Skipping correlation calculation for MAAC due to missing data.
2023-09-02 20:09:48,749 - WARNING - Skipping correlation calculation for OCUL due to missing data.
2023-09-02 20:09:49,648 - WARNING - Skipping correlation calculation for SWKH due to missing data.
2023-09-02 20:09:50,263 - WARNING - Skipping correlation calculation for MRC due to missing data.
2023-09-02 20:09:50,397 - WARNING - Skipping correlation calculation for LTRN due to missing data.
2023-09-02 20:09:51,039 - WARNING - Skipping correlation calculation for FLXN due to missing data.
2023-09-02 20:09:52,393 - WARNING - Skipping correlation calculation for SDC due to missing data.
2023-09-02 20:09:52,631 - WARNING - Skipping correlation calculation for GNTY due to missing data.
2023-09-02 20:09:53,055 - WARNING - Skipping correlation calculation for HT-PC due to missing data.
2023-09-02 20:09:53,149 - WARNING - Skipping correlation calculation for HAYW due to missing data.
2023-09-02 20:09:53,280 - WARNING - Skipping correlation calculation for OPEN due to missing data.
2023-09-02 20:09:53,293 - WARNING - Skipping correlation calculation for HSKA due to missing data.
2023-09-02 20:09:53,422 - WARNING - Skipping correlation calculation for HFRO-PA due to missing data.
2023-09-02 20:09:53,843 - WARNING - Skipping correlation calculation for VISL due to missing data.
2023-09-02 20:09:55,386 - WARNING - Skipping correlation calculation for SCCE due to missing data.
2023-09-02 20:09:57,309 - WARNING - Skipping correlation calculation for CHG due to missing data.
2023-09-02 20:09:58,857 - WARNING - Skipping correlation calculation for CUZ due to missing data.
2023-09-02 20:09:59,372 - WARNING - Skipping correlation calculation for CHRD due to missing data.
2023-09-02 20:09:59,387 - WARNING - Skipping correlation calculation for NVCN due to missing data.
2023-09-02 20:09:59,517 - WARNING - Skipping correlation calculation for AEVA due to missing data.
2023-09-02 20:10:00,132 - WARNING - Skipping correlation calculation for SBNYP due to missing data.
2023-09-02 20:10:00,136 - WARNING - Skipping correlation calculation for IPOE-WT due to missing data.
2023-09-02 20:10:00,140 - WARNING - Skipping correlation calculation for TDI due to missing data.
2023-09-02 20:10:00,442 - WARNING - Skipping correlation calculation for KHC due to missing data.
2023-09-02 20:10:00,446 - WARNING - Skipping correlation calculation for CVET due to missing data.
2023-09-02 20:10:00,449 - WARNING - Skipping correlation calculation for TLGA-WT due to missing data.
2023-09-02 20:10:00,910 - WARNING - Skipping correlation calculation for TRGP due to missing data.
2023-09-02 20:10:01,226 - WARNING - Skipping correlation calculation for FFWM due to missing data.
2023-09-02 20:10:01,309 - WARNING - Skipping correlation calculation for RSKD due to missing data.
2023-09-02 20:10:01,426 - WARNING - Skipping correlation calculation for LIFW due to missing data.
2023-09-02 20:10:03,617 - WARNING - Skipping correlation calculation for TELL due to missing data.
2023-09-02 20:10:03,775 - WARNING - Skipping correlation calculation for HBT due to missing data.
2023-09-02 20:10:04,692 - WARNING - Skipping correlation calculation for TDGMW due to missing data.
2023-09-02 20:10:04,797 - WARNING - Skipping correlation calculation for CFR-PB due to missing data.
2023-09-02 20:10:04,949 - WARNING - Skipping correlation calculation for SACC due to missing data.
2023-09-02 20:10:06,796 - WARNING - Skipping correlation calculation for YAC-UN due to missing data.
2023-09-02 20:10:10,327 - WARNING - Skipping correlation calculation for FRME due to missing data.
2023-09-02 20:10:11,300 - WARNING - Skipping correlation calculation for APTXU due to missing data.
2023-09-02 20:10:12,766 - WARNING - Skipping correlation calculation for CULP due to missing data.
2023-09-02 20:10:13,545 - WARNING - Skipping correlation calculation for DKNG due to missing data.
2023-09-02 20:10:13,826 - WARNING - Skipping correlation calculation for ENIC due to missing data.
2023-09-02 20:10:14,190 - WARNING - Skipping correlation calculation for IBP due to missing data.
2023-09-02 20:10:14,965 - WARNING - Skipping correlation calculation for FHN-PA due to missing data.
2023-09-02 20:10:15,618 - WARNING - Skipping correlation calculation for OPBK due to missing data.
2023-09-02 20:10:15,718 - WARNING - Skipping correlation calculation for CGEM due to missing data.
2023-09-02 20:10:17,283 - WARNING - Skipping correlation calculation for BXMT due to missing data.
2023-09-02 20:10:18,872 - WARNING - Skipping correlation calculation for HVT due to missing data.
2023-09-02 20:10:19,394 - WARNING - Skipping correlation calculation for CHRS due to missing data.
2023-09-02 20:10:22,019 - WARNING - Skipping correlation calculation for MC due to missing data.
2023-09-02 20:10:22,023 - WARNING - Skipping correlation calculation for SEAH-UN due to missing data.
2023-09-02 20:10:22,026 - WARNING - Skipping correlation calculation for GL-PC due to missing data.
2023-09-02 20:10:23,146 - WARNING - Skipping correlation calculation for NIMC due to missing data.
2023-09-02 20:10:24,448 - WARNING - Skipping correlation calculation for VGR due to missing data.
2023-09-02 20:10:24,453 - WARNING - Skipping correlation calculation for PFWIQ due to missing data.
2023-09-02 20:10:26,256 - WARNING - Skipping correlation calculation for SBTX due to missing data.
2023-09-02 20:10:26,368 - WARNING - Skipping correlation calculation for SWIM due to missing data.
2023-09-02 20:10:26,385 - WARNING - Skipping correlation calculation for COWNL due to missing data.
2023-09-02 20:10:29,677 - WARNING - Skipping correlation calculation for RKT due to missing data.
2023-09-02 20:10:30,080 - WARNING - Skipping correlation calculation for AFSIA due to missing data.
2023-09-02 20:10:30,566 - WARNING - Skipping correlation calculation for TGTX due to missing data.
2023-09-02 20:10:30,963 - WARNING - Skipping correlation calculation for AILIO due to missing data.
2023-09-02 20:10:31,123 - WARNING - Skipping correlation calculation for CHWY due to missing data.
2023-09-02 20:10:31,928 - WARNING - Skipping correlation calculation for IOT due to missing data.
2023-09-02 20:10:33,063 - WARNING - Skipping correlation calculation for HGBL due to missing data.
2023-09-02 20:10:33,157 - WARNING - Skipping correlation calculation for GOODO due to missing data.
2023-09-02 20:10:33,797 - WARNING - Skipping correlation calculation for SOAC due to missing data.
2023-09-02 20:10:33,876 - WARNING - Skipping correlation calculation for BASE due to missing data.
2023-09-02 20:10:35,082 - WARNING - Skipping correlation calculation for MRNA due to missing data.
2023-09-02 20:10:36,442 - WARNING - Skipping correlation calculation for TW due to missing data.
2023-09-02 20:10:37,560 - WARNING - Skipping correlation calculation for WINA due to missing data.
2023-09-02 20:10:37,668 - WARNING - Skipping correlation calculation for MTTR due to missing data.
2023-09-02 20:10:38,213 - WARNING - Skipping correlation calculation for BAYZF due to missing data.
2023-09-02 20:10:38,560 - WARNING - Skipping correlation calculation for BNGI due to missing data.
2023-09-02 20:10:39,587 - WARNING - Skipping correlation calculation for CBZ due to missing data.
2023-09-02 20:10:39,719 - WARNING - Skipping correlation calculation for MP due to missing data.
2023-09-02 20:10:39,732 - WARNING - Skipping correlation calculation for GSQD-UN due to missing data.
2023-09-02 20:10:39,845 - WARNING - Skipping correlation calculation for QRTEP due to missing data.
2023-09-02 20:10:39,858 - WARNING - Skipping correlation calculation for SSPK due to missing data.
2023-09-02 20:10:39,931 - WARNING - Skipping correlation calculation for BEAT due to missing data.
2023-09-02 20:10:41,034 - WARNING - Skipping correlation calculation for CCBG due to missing data.
2023-09-02 20:10:41,048 - WARNING - Skipping correlation calculation for DS-PB due to missing data.
2023-09-02 20:10:41,572 - WARNING - Skipping correlation calculation for PMOZ due to missing data.
2023-09-02 20:10:42,668 - WARNING - Skipping correlation calculation for BTRSW due to missing data.
2023-09-02 20:10:45,310 - WARNING - Skipping correlation calculation for HOV due to missing data.
2023-09-02 20:10:45,447 - WARNING - Skipping correlation calculation for UMLGF due to missing data.
2023-09-02 20:10:45,814 - WARNING - Skipping correlation calculation for AUPH due to missing data.
2023-09-02 20:10:45,898 - WARNING - Skipping correlation calculation for DWAC due to missing data.
2023-09-02 20:10:45,911 - WARNING - Skipping correlation calculation for CLDR due to missing data.
2023-09-02 20:10:46,187 - WARNING - Skipping correlation calculation for CPUH-UN due to missing data.
2023-09-02 20:10:46,191 - WARNING - Skipping correlation calculation for DRE due to missing data.
2023-09-02 20:10:47,243 - WARNING - Skipping correlation calculation for BREA due to missing data.
2023-09-02 20:10:47,607 - WARNING - Skipping correlation calculation for RNG due to missing data.
2023-09-02 20:10:47,611 - WARNING - Skipping correlation calculation for CONE due to missing data.
2023-09-02 20:10:48,279 - WARNING - Skipping correlation calculation for ICL due to missing data.
2023-09-02 20:10:48,293 - WARNING - Skipping correlation calculation for VLDRW due to missing data.
2023-09-02 20:10:49,717 - WARNING - Skipping correlation calculation for IBRX due to missing data.
2023-09-02 20:10:49,829 - WARNING - Skipping correlation calculation for MKTW due to missing data.
2023-09-02 20:10:49,948 - WARNING - Skipping correlation calculation for ABCL due to missing data.
2023-09-02 20:10:50,041 - WARNING - Skipping correlation calculation for AOMR due to missing data.
2023-09-02 20:10:50,054 - WARNING - Skipping correlation calculation for MOTV due to missing data.
2023-09-02 20:10:50,140 - WARNING - Skipping correlation calculation for CGABL due to missing data.
